<?xml version="1.0" encoding="UTF-8"?>
<!-- Generated by org.testng.reporters.JUnitXMLReporter -->
<testsuite ignored="2" hostname="DESKTOP-1J4VCE7" failures="0" tests="1" name="Default test" time="2.69" errors="0" timestamp="2024-09-21T02:05:31 BDT">
  <testcase classname="ai.myalice.app.testcase.AllTestCases" name="loginFunctionality" time="1.921"/>
  <testcase classname="ai.myalice.app.testcase.AllTestCases" name="mangaDetailsModal" time="0.0">
    <ignored/>
  </testcase> <!-- mangaDetailsModal -->
  <testcase classname="ai.myalice.app.testcase.AllTestCases" name="mangaSearchAndDisplay" time="0.0">
    <ignored/>
  </testcase> <!-- mangaSearchAndDisplay -->
</testsuite> <!-- Default test -->
